Performing configuration checks

    - has_icu builds           : no
warning: Graph library does not contain MPI-based parallel components.
note: to enable them, add "using mpi ;" to your user-config.jam
    - ../config//has_gcc_visibility builds : yes
    - ../config//has_long_double_support builds : yes
warning: skipping optional Message Passing Interface (MPI) library.
note: to enable MPI support, add "using mpi ;" to user-config.jam.
note: to suppress this message, pass "--without-mpi" to bjam.
note: otherwise, you can safely ignore this message.

Component configuration:

    - date_time                : building
    - filesystem               : building
    - graph                    : building
    - graph_parallel           : building
    - iostreams                : building
    - math                     : building
    - mpi                      : building
    - program_options          : building
    - python                   : building
    - random                   : building
    - regex                    : building
    - serialization            : building
    - signals                  : building
    - system                   : building
    - test                     : building
    - thread                   : building
    - wave                     : building

...patience...
...patience...
...patience...
...patience...
...found 23218 targets...
...updating 13 targets...
gcc.compile.c++ bin.v2/libs/thread/build/gcc-4.4/release/threading-multi/pthread/thread.o
In file included from ./boost/thread/detail/platform.hpp:17:0,
                 from ./boost/thread/detail/config.hpp:20,
                 from libs/thread/src/pthread/thread.cpp:8:
./boost/config/requires_threads.hpp:29:4: error: #error "Threading support unavaliable: it has been explicitly disabled with BOOST_DISABLE_THREADS"
 #  error "Threading support unavaliable: it has been explicitly disabled with BOOST_DISABLE_THREADS"
    ^
In file included from /usr/include/pthread.h:24:0,
                 from /usr/include/x86_64-linux-gnu/c++/4.8/bits/gthr-default.h:35,
                 from /usr/include/x86_64-linux-gnu/c++/4.8/bits/gthr.h:148,
                 from /usr/include/c++/4.8/ext/atomicity.h:35,
                 from /usr/include/c++/4.8/bits/basic_string.h:39,
                 from /usr/include/c++/4.8/string:52,
                 from ./boost/thread/exceptions.hpp:19,
                 from ./boost/thread/pthread/thread_data.hpp:9,
                 from ./boost/thread/thread.hpp:17,
                 from libs/thread/src/pthread/thread.cpp:10:
./boost/thread/xtime.hpp:23:5: error: expected identifier before numeric constant
     TIME_UTC=1
     ^
./boost/thread/xtime.hpp:23:5: error: expected ‘}’ before numeric constant
./boost/thread/xtime.hpp:23:5: error: expected unqualified-id before numeric constant
In file included from ./boost/thread/pthread/mutex.hpp:14:0,
                 from ./boost/thread/mutex.hpp:16,
                 from ./boost/thread/pthread/thread_data.hpp:12,
                 from ./boost/thread/thread.hpp:17,
                 from libs/thread/src/pthread/thread.cpp:10:
./boost/thread/xtime.hpp:38:13: error: ‘int_fast64_t’ does not name a type
     typedef int_fast64_t xtime_sec_t; //INT_FAST64_MIN <= sec <= INT_FAST64_MAX
             ^
./boost/thread/xtime.hpp:41:13: error: ‘int_fast32_t’ does not name a type
     typedef int_fast32_t xtime_nsec_t; //0 <= xtime.nsec < NANOSECONDS_PER_SECOND
             ^
./boost/thread/xtime.hpp:43:5: error: ‘xtime_sec_t’ does not name a type
     xtime_sec_t sec;
     ^
./boost/thread/xtime.hpp:44:5: error: ‘xtime_nsec_t’ does not name a type
     xtime_nsec_t nsec;
     ^
./boost/thread/xtime.hpp:46:14: error: expected type-specifier before ‘system_time’
     operator system_time() const
              ^
./boost/thread/xtime.hpp: In function ‘xtime get_xtime(const system_time&)’:
./boost/thread/xtime.hpp:64:9: error: ‘struct xtime’ has no member named ‘sec’
     res.sec=static_cast<xtime::xtime_sec_t>(time_since_epoch.total_seconds());
         ^
./boost/thread/xtime.hpp:64:25: error: expected type-specifier
     res.sec=static_cast<xtime::xtime_sec_t>(time_since_epoch.total_seconds());
                         ^
./boost/thread/xtime.hpp:64:25: error: expected ‘>’
./boost/thread/xtime.hpp:64:25: error: expected ‘(’
./boost/thread/xtime.hpp:64:25: error: ‘xtime_sec_t’ is not a member of ‘xtime’
./boost/thread/xtime.hpp:64:78: error: expected ‘)’ before ‘;’ token
     res.sec=static_cast<xtime::xtime_sec_t>(time_since_epoch.total_seconds());
                                                                              ^
./boost/thread/xtime.hpp:65:9: error: ‘struct xtime’ has no member named ‘nsec’
     res.nsec=static_cast<xtime::xtime_nsec_t>(time_since_epoch.fractional_seconds()*(1000000000/time_since_epoch.ticks_per_second()));
         ^
./boost/thread/xtime.hpp:65:26: error: expected type-specifier
     res.nsec=static_cast<xtime::xtime_nsec_t>(time_since_epoch.fractional_seconds()*(1000000000/time_since_epoch.ticks_per_second()));
                          ^
./boost/thread/xtime.hpp:65:26: error: expected ‘>’
./boost/thread/xtime.hpp:65:26: error: expected ‘(’
./boost/thread/xtime.hpp:65:26: error: ‘xtime_nsec_t’ is not a member of ‘xtime’
In file included from ./boost/thread/pthread/mutex.hpp:14:0,
                 from ./boost/thread/mutex.hpp:16,
                 from ./boost/thread/pthread/thread_data.hpp:12,
                 from ./boost/thread/thread.hpp:17,
                 from libs/thread/src/pthread/thread.cpp:10:
./boost/thread/xtime.hpp:65:134: error: expected ‘)’ before ‘;’ token
     res.nsec=static_cast<xtime::xtime_nsec_t>(time_since_epoch.fractional_seconds()*(1000000000/time_since_epoch.ticks_per_second()));
                                                                                                                                      ^
./boost/thread/xtime.hpp: In function ‘int xtime_get(xtime*, int)’:
./boost/thread/xtime.hpp:73:40: error: ‘get_system_time’ was not declared in this scope
         *xtp=get_xtime(get_system_time());
                                        ^
./boost/thread/xtime.hpp:73:40: note: suggested alternative:
In file included from ./boost/thread/locks.hpp:12:0,
                 from ./boost/thread/pthread/mutex.hpp:12,
                 from ./boost/thread/mutex.hpp:16,
                 from ./boost/thread/pthread/thread_data.hpp:12,
                 from ./boost/thread/thread.hpp:17,
                 from libs/thread/src/pthread/thread.cpp:10:
./boost/thread/thread_time.hpp:19:24: note:   ‘boost::get_system_time’
     inline system_time get_system_time()
                        ^
In file included from ./boost/thread/pthread/mutex.hpp:14:0,
                 from ./boost/thread/mutex.hpp:16,
                 from ./boost/thread/pthread/thread_data.hpp:12,
                 from ./boost/thread/thread.hpp:17,
                 from libs/thread/src/pthread/thread.cpp:10:
./boost/thread/xtime.hpp: In function ‘int xtime_cmp(const xtime&, const xtime&)’:
./boost/thread/xtime.hpp:82:13: error: ‘const struct xtime’ has no member named ‘sec’
     if (xt1.sec == xt2.sec)
             ^
./boost/thread/xtime.hpp:82:24: error: ‘const struct xtime’ has no member named ‘sec’
     if (xt1.sec == xt2.sec)
                        ^
./boost/thread/xtime.hpp:83:26: error: ‘const struct xtime’ has no member named ‘nsec’
         return (int)(xt1.nsec - xt2.nsec);
                          ^
./boost/thread/xtime.hpp:83:37: error: ‘const struct xtime’ has no member named ‘nsec’
         return (int)(xt1.nsec - xt2.nsec);
                                     ^
./boost/thread/xtime.hpp:85:21: error: ‘const struct xtime’ has no member named ‘sec’
         return (xt1.sec > xt2.sec) ? 1 : -1;
                     ^
./boost/thread/xtime.hpp:85:31: error: ‘const struct xtime’ has no member named ‘sec’
         return (xt1.sec > xt2.sec) ? 1 : -1;
                               ^
./boost/thread/xtime.hpp: At global scope:
./boost/thread/xtime.hpp:88:1: error: expected declaration before ‘}’ token
 } // namespace boost
 ^

    "g++"  -ftemplate-depth-128 -O3 -finline-functions -Wno-inline -Wall -pthread -fPIC -Wno-long-long -DBOOST_ALL_NO_LIB=1 -DBOOST_THREAD_BUILD_DLL=1 -DBOOST_THREAD_POSIX -DNDEBUG  -I"." -c -o "bin.v2/libs/thread/build/gcc-4.4/release/threading-multi/pthread/thread.o" "libs/thread/src/pthread/thread.cpp"

...failed gcc.compile.c++ bin.v2/libs/thread/build/gcc-4.4/release/threading-multi/pthread/thread.o...
gcc.compile.c++ bin.v2/libs/thread/build/gcc-4.4/release/threading-multi/pthread/once.o
In file included from ./boost/thread/detail/platform.hpp:17:0,
                 from ./boost/thread/once.hpp:12,
                 from libs/thread/src/pthread/once.cpp:7:
./boost/config/requires_threads.hpp:29:4: error: #error "Threading support unavaliable: it has been explicitly disabled with BOOST_DISABLE_THREADS"
 #  error "Threading support unavaliable: it has been explicitly disabled with BOOST_DISABLE_THREADS"
    ^

    "g++"  -ftemplate-depth-128 -O3 -finline-functions -Wno-inline -Wall -pthread -fPIC -Wno-long-long -DBOOST_ALL_NO_LIB=1 -DBOOST_THREAD_BUILD_DLL=1 -DBOOST_THREAD_POSIX -DNDEBUG  -I"." -c -o "bin.v2/libs/thread/build/gcc-4.4/release/threading-multi/pthread/once.o" "libs/thread/src/pthread/once.cpp"

...failed gcc.compile.c++ bin.v2/libs/thread/build/gcc-4.4/release/threading-multi/pthread/once.o...
...skipped <pbin.v2/libs/thread/build/gcc-4.4/release/threading-multi>libboost_thread.so.1.45.0 for lack of <pbin.v2/libs/thread/build/gcc-4.4/release/threading-multi>pthread/thread.o...
...skipped <p/home/t-filsra/adic2/install/boost_inst/lib>libboost_thread.so.1.45.0 for lack of <pbin.v2/libs/thread/build/gcc-4.4/release/threading-multi>libboost_thread.so.1.45.0...
...skipped <p/home/t-filsra/adic2/install/boost_inst/lib>libboost_thread.so for lack of <p/home/t-filsra/adic2/install/boost_inst/lib>libboost_thread.so.1.45.0...
...skipped <pbin.v2/libs/wave/build/gcc-4.4/release/threading-multi>libboost_wave.so.1.45.0 for lack of <pbin.v2/libs/thread/build/gcc-4.4/release/threading-multi>libboost_thread.so.1.45.0...
...skipped <p/home/t-filsra/adic2/install/boost_inst/lib>libboost_wave.so.1.45.0 for lack of <pbin.v2/libs/wave/build/gcc-4.4/release/threading-multi>libboost_wave.so.1.45.0...
...skipped <p/home/t-filsra/adic2/install/boost_inst/lib>libboost_wave.so for lack of <p/home/t-filsra/adic2/install/boost_inst/lib>libboost_wave.so.1.45.0...
gcc.compile.c++ bin.v2/libs/thread/build/gcc-4.4/release/link-static/threading-multi/pthread/thread.o
In file included from ./boost/thread/detail/platform.hpp:17:0,
                 from ./boost/thread/detail/config.hpp:20,
                 from libs/thread/src/pthread/thread.cpp:8:
./boost/config/requires_threads.hpp:29:4: error: #error "Threading support unavaliable: it has been explicitly disabled with BOOST_DISABLE_THREADS"
 #  error "Threading support unavaliable: it has been explicitly disabled with BOOST_DISABLE_THREADS"
    ^
In file included from /usr/include/pthread.h:24:0,
                 from /usr/include/x86_64-linux-gnu/c++/4.8/bits/gthr-default.h:35,
                 from /usr/include/x86_64-linux-gnu/c++/4.8/bits/gthr.h:148,
                 from /usr/include/c++/4.8/ext/atomicity.h:35,
                 from /usr/include/c++/4.8/bits/basic_string.h:39,
                 from /usr/include/c++/4.8/string:52,
                 from ./boost/thread/exceptions.hpp:19,
                 from ./boost/thread/pthread/thread_data.hpp:9,
                 from ./boost/thread/thread.hpp:17,
                 from libs/thread/src/pthread/thread.cpp:10:
./boost/thread/xtime.hpp:23:5: error: expected identifier before numeric constant
     TIME_UTC=1
     ^
./boost/thread/xtime.hpp:23:5: error: expected ‘}’ before numeric constant
./boost/thread/xtime.hpp:23:5: error: expected unqualified-id before numeric constant
In file included from ./boost/thread/pthread/mutex.hpp:14:0,
                 from ./boost/thread/mutex.hpp:16,
                 from ./boost/thread/pthread/thread_data.hpp:12,
                 from ./boost/thread/thread.hpp:17,
                 from libs/thread/src/pthread/thread.cpp:10:
./boost/thread/xtime.hpp:38:13: error: ‘int_fast64_t’ does not name a type
     typedef int_fast64_t xtime_sec_t; //INT_FAST64_MIN <= sec <= INT_FAST64_MAX
             ^
./boost/thread/xtime.hpp:41:13: error: ‘int_fast32_t’ does not name a type
     typedef int_fast32_t xtime_nsec_t; //0 <= xtime.nsec < NANOSECONDS_PER_SECOND
             ^
./boost/thread/xtime.hpp:43:5: error: ‘xtime_sec_t’ does not name a type
     xtime_sec_t sec;
     ^
./boost/thread/xtime.hpp:44:5: error: ‘xtime_nsec_t’ does not name a type
     xtime_nsec_t nsec;
     ^
./boost/thread/xtime.hpp:46:14: error: expected type-specifier before ‘system_time’
     operator system_time() const
              ^
./boost/thread/xtime.hpp: In function ‘xtime get_xtime(const system_time&)’:
./boost/thread/xtime.hpp:64:9: error: ‘struct xtime’ has no member named ‘sec’
     res.sec=static_cast<xtime::xtime_sec_t>(time_since_epoch.total_seconds());
         ^
./boost/thread/xtime.hpp:64:25: error: expected type-specifier
     res.sec=static_cast<xtime::xtime_sec_t>(time_since_epoch.total_seconds());
                         ^
./boost/thread/xtime.hpp:64:25: error: expected ‘>’
./boost/thread/xtime.hpp:64:25: error: expected ‘(’
./boost/thread/xtime.hpp:64:25: error: ‘xtime_sec_t’ is not a member of ‘xtime’
./boost/thread/xtime.hpp:64:78: error: expected ‘)’ before ‘;’ token
     res.sec=static_cast<xtime::xtime_sec_t>(time_since_epoch.total_seconds());
                                                                              ^
./boost/thread/xtime.hpp:65:9: error: ‘struct xtime’ has no member named ‘nsec’
     res.nsec=static_cast<xtime::xtime_nsec_t>(time_since_epoch.fractional_seconds()*(1000000000/time_since_epoch.ticks_per_second()));
         ^
./boost/thread/xtime.hpp:65:26: error: expected type-specifier
     res.nsec=static_cast<xtime::xtime_nsec_t>(time_since_epoch.fractional_seconds()*(1000000000/time_since_epoch.ticks_per_second()));
                          ^
./boost/thread/xtime.hpp:65:26: error: expected ‘>’
./boost/thread/xtime.hpp:65:26: error: expected ‘(’
./boost/thread/xtime.hpp:65:26: error: ‘xtime_nsec_t’ is not a member of ‘xtime’
In file included from ./boost/thread/pthread/mutex.hpp:14:0,
                 from ./boost/thread/mutex.hpp:16,
                 from ./boost/thread/pthread/thread_data.hpp:12,
                 from ./boost/thread/thread.hpp:17,
                 from libs/thread/src/pthread/thread.cpp:10:
./boost/thread/xtime.hpp:65:134: error: expected ‘)’ before ‘;’ token
     res.nsec=static_cast<xtime::xtime_nsec_t>(time_since_epoch.fractional_seconds()*(1000000000/time_since_epoch.ticks_per_second()));
                                                                                                                                      ^
./boost/thread/xtime.hpp: In function ‘int xtime_get(xtime*, int)’:
./boost/thread/xtime.hpp:73:40: error: ‘get_system_time’ was not declared in this scope
         *xtp=get_xtime(get_system_time());
                                        ^
./boost/thread/xtime.hpp:73:40: note: suggested alternative:
In file included from ./boost/thread/locks.hpp:12:0,
                 from ./boost/thread/pthread/mutex.hpp:12,
                 from ./boost/thread/mutex.hpp:16,
                 from ./boost/thread/pthread/thread_data.hpp:12,
                 from ./boost/thread/thread.hpp:17,
                 from libs/thread/src/pthread/thread.cpp:10:
./boost/thread/thread_time.hpp:19:24: note:   ‘boost::get_system_time’
     inline system_time get_system_time()
                        ^
In file included from ./boost/thread/pthread/mutex.hpp:14:0,
                 from ./boost/thread/mutex.hpp:16,
                 from ./boost/thread/pthread/thread_data.hpp:12,
                 from ./boost/thread/thread.hpp:17,
                 from libs/thread/src/pthread/thread.cpp:10:
./boost/thread/xtime.hpp: In function ‘int xtime_cmp(const xtime&, const xtime&)’:
./boost/thread/xtime.hpp:82:13: error: ‘const struct xtime’ has no member named ‘sec’
     if (xt1.sec == xt2.sec)
             ^
./boost/thread/xtime.hpp:82:24: error: ‘const struct xtime’ has no member named ‘sec’
     if (xt1.sec == xt2.sec)
                        ^
./boost/thread/xtime.hpp:83:26: error: ‘const struct xtime’ has no member named ‘nsec’
         return (int)(xt1.nsec - xt2.nsec);
                          ^
./boost/thread/xtime.hpp:83:37: error: ‘const struct xtime’ has no member named ‘nsec’
         return (int)(xt1.nsec - xt2.nsec);
                                     ^
./boost/thread/xtime.hpp:85:21: error: ‘const struct xtime’ has no member named ‘sec’
         return (xt1.sec > xt2.sec) ? 1 : -1;
                     ^
./boost/thread/xtime.hpp:85:31: error: ‘const struct xtime’ has no member named ‘sec’
         return (xt1.sec > xt2.sec) ? 1 : -1;
                               ^
./boost/thread/xtime.hpp: At global scope:
./boost/thread/xtime.hpp:88:1: error: expected declaration before ‘}’ token
 } // namespace boost
 ^

    "g++"  -ftemplate-depth-128 -O3 -finline-functions -Wno-inline -Wall -pthread -Wno-long-long -DBOOST_ALL_NO_LIB=1 -DBOOST_THREAD_BUILD_LIB=1 -DBOOST_THREAD_POSIX -DNDEBUG  -I"." -c -o "bin.v2/libs/thread/build/gcc-4.4/release/link-static/threading-multi/pthread/thread.o" "libs/thread/src/pthread/thread.cpp"

...failed gcc.compile.c++ bin.v2/libs/thread/build/gcc-4.4/release/link-static/threading-multi/pthread/thread.o...
gcc.compile.c++ bin.v2/libs/thread/build/gcc-4.4/release/link-static/threading-multi/pthread/once.o
In file included from ./boost/thread/detail/platform.hpp:17:0,
                 from ./boost/thread/once.hpp:12,
                 from libs/thread/src/pthread/once.cpp:7:
./boost/config/requires_threads.hpp:29:4: error: #error "Threading support unavaliable: it has been explicitly disabled with BOOST_DISABLE_THREADS"
 #  error "Threading support unavaliable: it has been explicitly disabled with BOOST_DISABLE_THREADS"
    ^

    "g++"  -ftemplate-depth-128 -O3 -finline-functions -Wno-inline -Wall -pthread -Wno-long-long -DBOOST_ALL_NO_LIB=1 -DBOOST_THREAD_BUILD_LIB=1 -DBOOST_THREAD_POSIX -DNDEBUG  -I"." -c -o "bin.v2/libs/thread/build/gcc-4.4/release/link-static/threading-multi/pthread/once.o" "libs/thread/src/pthread/once.cpp"

...failed gcc.compile.c++ bin.v2/libs/thread/build/gcc-4.4/release/link-static/threading-multi/pthread/once.o...
...skipped <pbin.v2/libs/thread/build/gcc-4.4/release/link-static/threading-multi>libboost_thread.a(clean) for lack of <pbin.v2/libs/thread/build/gcc-4.4/release/link-static/threading-multi>pthread/thread.o...
...skipped <pbin.v2/libs/thread/build/gcc-4.4/release/link-static/threading-multi>libboost_thread.a for lack of <pbin.v2/libs/thread/build/gcc-4.4/release/link-static/threading-multi>pthread/thread.o...
...skipped <p/home/t-filsra/adic2/install/boost_inst/lib>libboost_thread.a for lack of <pbin.v2/libs/thread/build/gcc-4.4/release/link-static/threading-multi>libboost_thread.a...
...failed updating 4 targets...
...skipped 9 targets...
